<?xml version="1.0" encoding="UTF-8"?>
<!-- Generated by org.testng.reporters.JUnitReportReporter -->
<testsuite hostname="DESKTOP-T4TTVPI" failures="0" tests="1" name="magentoWebsite.magentoTestCases" time="30.504" errors="0" timestamp="2025-02-13T08:45:00 GMT+03:00" skipped="0">
  <testcase classname="magentoWebsite.magentoTestCases" name="Login" time="30.504"/>
  <system-out/>
</testsuite> <!-- magentoWebsite.magentoTestCases -->
